Using pre-set license
Built from '2020.3/staging' branch; Version is '2020.3.10f1 (297d780c91bc) revision 2719096'; Using compiler version '192528614'; Build Type 'Release'
OS: 'Windows 10 Home; OS build 19042.985; Version 2009; 64bit' Language: 'en' Physical Memory: 8089 MB
BatchMode: 1, IsHumanControllingUs: 0, StartBugReporterOnCrash: 0, Is64bit: 1, IsPro: 0

 COMMAND LINE ARGUMENTS:
C:\Program Files\Unity\Hub\Editor\2020.3.10f1\Editor\Unity.exe
-adb2
-batchMode
-noUpm
-name
AssetImportWorker0
-projectPath
C:/Users/Igor/Downloads/PopcornRush3D
-logFile
Logs/AssetImportWorker0.log
-srvPort
57110
Successfully changed project path to: C:/Users/Igor/Downloads/PopcornRush3D
C:/Users/Igor/Downloads/PopcornRush3D
Using Asset Import Pipeline V2.
Refreshing native plugins compatible for Editor in 69.75 ms, found 2 plugins.
Preloading 0 native plugins for Editor in 0.00 ms.
Initialize engine version: 2020.3.10f1 (297d780c91bc)
[Subsystems] Discovering subsystems at path C:/Program Files/Unity/Hub/Editor/2020.3.10f1/Editor/Data/Resources/UnitySubsystems
[Subsystems] Discovering subsystems at path C:/Users/Igor/Downloads/PopcornRush3D/Assets
GfxDevice: creating device client; threaded=0
Direct3D:
    Version:  Direct3D 11.0 [level 11.1]
    Renderer: AMD Radeon R5 M435 (ID=0x6665)
    Vendor:   
    VRAM:     2039 MB
    Driver:   27.20.1034.6
Initialize mono
Mono path[0] = 'C:/Program Files/Unity/Hub/Editor/2020.3.10f1/Editor/Data/Managed'
Mono path[1] = 'C:/Program Files/Unity/Hub/Editor/2020.3.10f1/Editor/Data/MonoBleedingEdge/lib/mono/unityjit'
Mono config path = 'C:/Program Files/Unity/Hub/Editor/2020.3.10f1/Editor/Data/MonoBleedingEdge/etc'
Using monoOptions --debugger-agent=transport=dt_socket,embedding=1,server=y,suspend=n,address=127.0.0.1:56928
Begin MonoManager ReloadAssembly
Registering precompiled unity dll's ...
Register platform support module: C:/Program Files/Unity/Hub/Editor/2020.3.10f1/Editor/Data/PlaybackEngines/WebGLSupport/UnityEditor.WebGL.Extensions.dll
Register platform support module: C:/Program Files/Unity/Hub/Editor/2020.3.10f1/Editor/Data/PlaybackEngines/WindowsStandaloneSupport/UnityEditor.WindowsStandalone.Extensions.dll
Registered in 0.003412 seconds.
Native extension for WindowsStandalone target not found
Native extension for WebGL target not found
Refreshing native plugins compatible for Editor in 42.56 ms, found 2 plugins.
Preloading 0 native plugins for Editor in 0.00 ms.
Mono: successfully reloaded assembly
- Completed reload, in  3.914 seconds
Platform modules already initialized, skipping
Registering precompiled user dll's ...
Registered in 0.160630 seconds.
Begin MonoManager ReloadAssembly
Native extension for WindowsStandalone target not found
Native extension for WebGL target not found
Refreshing native plugins compatible for Editor in 0.44 ms, found 2 plugins.
Preloading 0 native plugins for Editor in 0.00 ms.
Mono: successfully reloaded assembly
- Completed reload, in  1.607 seconds
Platform modules already initialized, skipping
========================================================================
Worker process is ready to serve import requests
Launched and connected shader compiler UnityShaderCompiler.exe after 0.13 seconds
Refreshing native plugins compatible for Editor in 0.45 ms, found 2 plugins.
Preloading 0 native plugins for Editor in 0.00 ms.
Unloading 1395 Unused Serialized files (Serialized files now loaded: 0)
System memory in use before: 66.3 MB.
System memory in use after: 66.3 MB.

Unloading 18 unused Assets to reduce memory usage. Loaded Objects now: 1832.
Total: 2.645600 ms (FindLiveObjects: 0.216400 ms CreateObjectMapping: 0.071800 ms MarkObjects: 2.244000 ms  DeleteObjects: 0.111400 ms)

========================================================================
Received Import Request.
  path: Assets/Seamless hotel casino carpet texture.jpg
  artifactKey: Guid(b24a4a16a24006a4ab124722939733b3) Importer(815301076,1909f56bfc062723c751e8b465ee728b)
Start importing Assets/Seamless hotel casino carpet texture.jpg using Guid(b24a4a16a24006a4ab124722939733b3) Importer(815301076,1909f56bfc062723c751e8b465ee728b)  -> (artifact id: '3391e990106683370c89d31a0ab23a6b') in 0.202651 seconds
  Import took 0.206994 seconds .

========================================================================
Received Import Request.
  Time since last request: 0.000361 seconds.
  path: Assets/Materials/Textures/TileTexture.jpg
  artifactKey: Guid(309f8fd7dfbd94cb6a77be4cea34176b) Importer(815301076,1909f56bfc062723c751e8b465ee728b)
Start importing Assets/Materials/Textures/TileTexture.jpg using Guid(309f8fd7dfbd94cb6a77be4cea34176b) Importer(815301076,1909f56bfc062723c751e8b465ee728b)  -> (artifact id: 'b7b849b00784406d24419eaf7d1ca3f1') in 0.075784 seconds
  Import took 0.081054 seconds .

========================================================================
Received Import Request.
  Time since last request: 0.000354 seconds.
  path: Assets/Models/Textures/kernelUVWTexture2.jpg
  artifactKey: Guid(7a778f206a73a8b489c34aafcc104a8f) Importer(815301076,1909f56bfc062723c751e8b465ee728b)
Start importing Assets/Models/Textures/kernelUVWTexture2.jpg using Guid(7a778f206a73a8b489c34aafcc104a8f) Importer(815301076,1909f56bfc062723c751e8b465ee728b)  -> (artifact id: '4a63f8e5503cb44cda2abd179c629e96') in 0.061754 seconds
  Import took 0.066241 seconds .

========================================================================
Received Import Request.
  Time since last request: 0.000329 seconds.
  path: Assets/Models/Textures/kernelUVWTexture2 1.jpg
  artifactKey: Guid(503a32bdbb11b5c4bbece551cb73c3ca) Importer(815301076,1909f56bfc062723c751e8b465ee728b)
Start importing Assets/Models/Textures/kernelUVWTexture2 1.jpg using Guid(503a32bdbb11b5c4bbece551cb73c3ca) Importer(815301076,1909f56bfc062723c751e8b465ee728b)  -> (artifact id: 'bba303a5d4a6063361dc5fe3c6451705') in 0.063747 seconds
  Import took 0.067575 seconds .

========================================================================
Received Import Request.
  Time since last request: 0.000346 seconds.
  path: Assets/Scenes/SampleScene/ReflectionProbe-0.exr
  artifactKey: Guid(ce13eb356a1458e4cad11d9ab02c6f4b) Importer(815301076,1909f56bfc062723c751e8b465ee728b)
Start importing Assets/Scenes/SampleScene/ReflectionProbe-0.exr using Guid(ce13eb356a1458e4cad11d9ab02c6f4b) Importer(815301076,1909f56bfc062723c751e8b465ee728b)  -> (artifact id: 'e00e57ae95e9a33708b10deeb9ec260a') in 0.217137 seconds
  Import took 0.220594 seconds .

========================================================================
Received Import Request.
  Time since last request: 597.128892 seconds.
  path: Assets/Skybox.mat
  artifactKey: Guid(44fdd450924f84f42b60da06d319165b) Importer(815301076,1909f56bfc062723c751e8b465ee728b)
Start importing Assets/Skybox.mat using Guid(44fdd450924f84f42b60da06d319165b) Importer(815301076,1909f56bfc062723c751e8b465ee728b)  -> (artifact id: '2920c9bdc6c93309d07c074c3a78b7a1') in 0.068846 seconds
  Import took 0.075192 seconds .

========================================================================
Received Prepare
Registering precompiled user dll's ...
Registered in 0.005879 seconds.
Begin MonoManager ReloadAssembly
Native extension for WindowsStandalone target not found
Native extension for WebGL target not found
Refreshing native plugins compatible for Editor in 0.43 ms, found 2 plugins.
Preloading 0 native plugins for Editor in 0.00 ms.
Mono: successfully reloaded assembly
- Completed reload, in  1.631 seconds
Platform modules already initialized, skipping
Switching build target platform(19) subTarget(0) extendedPlatform(0) -> platform(13) subTarget(537395200) extendedPlatform(0)
Refreshing native plugins compatible for Editor in 0.66 ms, found 2 plugins.
Preloading 0 native plugins for Editor in 0.00 ms.
Unloading 1390 Unused Serialized files (Serialized files now loaded: 0)
System memory in use before: 69.1 MB.
System memory in use after: 69.2 MB.

Unloading 13 unused Assets to reduce memory usage. Loaded Objects now: 1878.
Total: 2.441600 ms (FindLiveObjects: 0.202300 ms CreateObjectMapping: 0.061400 ms MarkObjects: 2.150400 ms  DeleteObjects: 0.025600 ms)

AssetImportParameters requested are different than current active one (requested -> active):
  custom:graphics/normal-map-encoding: 01000000000000000000000000000000 -> 02000000000000000000000000000000
========================================================================
Received Prepare
Registering precompiled user dll's ...
Registered in 0.007799 seconds.
Begin MonoManager ReloadAssembly
Native extension for WindowsStandalone target not found
Native extension for WebGL target not found
Refreshing native plugins compatible for Editor in 0.70 ms, found 2 plugins.
Preloading 0 native plugins for Editor in 0.00 ms.
Mono: successfully reloaded assembly
- Completed reload, in  1.775 seconds
Platform modules already initialized, skipping
Switching build target platform(19) subTarget(0) extendedPlatform(0) -> platform(13) subTarget(537395200) extendedPlatform(0)
Refreshing native plugins compatible for Editor in 0.47 ms, found 2 plugins.
Preloading 0 native plugins for Editor in 0.00 ms.
Unloading 1390 Unused Serialized files (Serialized files now loaded: 0)
System memory in use before: 69.1 MB.
System memory in use after: 69.2 MB.

Unloading 13 unused Assets to reduce memory usage. Loaded Objects now: 1881.
Total: 3.034800 ms (FindLiveObjects: 0.263300 ms CreateObjectMapping: 0.072800 ms MarkObjects: 2.668400 ms  DeleteObjects: 0.028200 ms)

AssetImportParameters requested are different than current active one (requested -> active):
  custom:graphics/normal-map-encoding: 01000000000000000000000000000000 -> 02000000000000000000000000000000
========================================================================
Received Import Request.
  Time since last request: 766.460023 seconds.
  path: Assets/Scripts/PopcornTransformation.cs
  artifactKey: Guid(84a4737815a75b640bec26773156a711) Importer(815301076,1909f56bfc062723c751e8b465ee728b)
Start importing Assets/Scripts/PopcornTransformation.cs using Guid(84a4737815a75b640bec26773156a711) Importer(815301076,1909f56bfc062723c751e8b465ee728b)  -> (artifact id: '9f6166f0e0e9af150b151ddb10ad5de7') in 0.065377 seconds
  Import took 0.072021 seconds .

========================================================================
Received Prepare
Registering precompiled user dll's ...
Registered in 0.008174 seconds.
Begin MonoManager ReloadAssembly
Native extension for WindowsStandalone target not found
Native extension for WebGL target not found
Refreshing native plugins compatible for Editor in 0.43 ms, found 2 plugins.
Preloading 0 native plugins for Editor in 0.00 ms.
Mono: successfully reloaded assembly
- Completed reload, in  2.011 seconds
Platform modules already initialized, skipping
Switching build target platform(19) subTarget(0) extendedPlatform(0) -> platform(13) subTarget(537395200) extendedPlatform(0)
Refreshing native plugins compatible for Editor in 0.44 ms, found 2 plugins.
Preloading 0 native plugins for Editor in 0.00 ms.
Unloading 1391 Unused Serialized files (Serialized files now loaded: 0)
System memory in use before: 69.2 MB.
System memory in use after: 69.3 MB.

Unloading 13 unused Assets to reduce memory usage. Loaded Objects now: 1885.
Total: 2.713100 ms (FindLiveObjects: 0.219100 ms CreateObjectMapping: 0.071000 ms MarkObjects: 2.396700 ms  DeleteObjects: 0.024900 ms)

AssetImportParameters requested are different than current active one (requested -> active):
  custom:graphics/normal-map-encoding: 01000000000000000000000000000000 -> 02000000000000000000000000000000
========================================================================
Received Prepare
Registering precompiled user dll's ...
Registered in 0.012176 seconds.
Begin MonoManager ReloadAssembly
Native extension for WindowsStandalone target not found
Native extension for WebGL target not found
Refreshing native plugins compatible for Editor in 0.47 ms, found 2 plugins.
Preloading 0 native plugins for Editor in 0.00 ms.
Mono: successfully reloaded assembly
- Completed reload, in  1.975 seconds
Platform modules already initialized, skipping
Switching build target platform(19) subTarget(0) extendedPlatform(0) -> platform(13) subTarget(537395200) extendedPlatform(0)
Refreshing native plugins compatible for Editor in 0.43 ms, found 2 plugins.
Preloading 0 native plugins for Editor in 0.00 ms.
Unloading 1391 Unused Serialized files (Serialized files now loaded: 0)
System memory in use before: 69.2 MB.
System memory in use after: 69.3 MB.

Unloading 13 unused Assets to reduce memory usage. Loaded Objects now: 1888.
Total: 2.812000 ms (FindLiveObjects: 0.221900 ms CreateObjectMapping: 0.071600 ms MarkObjects: 2.492400 ms  DeleteObjects: 0.024500 ms)

AssetImportParameters requested are different than current active one (requested -> active):
  custom:graphics/normal-map-encoding: 01000000000000000000000000000000 -> 02000000000000000000000000000000
========================================================================
Received Import Request.
  Time since last request: 104.117711 seconds.
  path: Assets/Scripts/PopcornTransformation.cs
  artifactKey: Guid(84a4737815a75b640bec26773156a711) Importer(815301076,1909f56bfc062723c751e8b465ee728b)
Start importing Assets/Scripts/PopcornTransformation.cs using Guid(84a4737815a75b640bec26773156a711) Importer(815301076,1909f56bfc062723c751e8b465ee728b)  -> (artifact id: 'e0acbbc9bdea034c2013d7520dfb9b93') in 0.011552 seconds
  Import took 0.014815 seconds .

========================================================================
Received Import Request.
  Time since last request: 111.643456 seconds.
  path: Assets/Scripts/PopcornTransformation.cs
  artifactKey: Guid(84a4737815a75b640bec26773156a711) Importer(815301076,1909f56bfc062723c751e8b465ee728b)
Start importing Assets/Scripts/PopcornTransformation.cs using Guid(84a4737815a75b640bec26773156a711) Importer(815301076,1909f56bfc062723c751e8b465ee728b)  -> (artifact id: 'ceb8a925d30fbe70cebff137f8918c7e') in 0.005441 seconds
  Import took 0.023824 seconds .

========================================================================
Received Prepare
Registering precompiled user dll's ...
Registered in 0.010959 seconds.
Begin MonoManager ReloadAssembly
Native extension for WindowsStandalone target not found
Native extension for WebGL target not found
Refreshing native plugins compatible for Editor in 0.43 ms, found 2 plugins.
Preloading 0 native plugins for Editor in 0.00 ms.
Mono: successfully reloaded assembly
- Completed reload, in  1.749 seconds
Platform modules already initialized, skipping
Switching build target platform(19) subTarget(0) extendedPlatform(0) -> platform(13) subTarget(537395200) extendedPlatform(0)
Refreshing native plugins compatible for Editor in 0.41 ms, found 2 plugins.
Preloading 0 native plugins for Editor in 0.00 ms.
Unloading 1391 Unused Serialized files (Serialized files now loaded: 0)
System memory in use before: 69.2 MB.
System memory in use after: 69.3 MB.

Unloading 13 unused Assets to reduce memory usage. Loaded Objects now: 1891.
Total: 4.792500 ms (FindLiveObjects: 0.330900 ms CreateObjectMapping: 0.117200 ms MarkObjects: 4.315700 ms  DeleteObjects: 0.026600 ms)

AssetImportParameters requested are different than current active one (requested -> active):
  custom:graphics/normal-map-encoding: 01000000000000000000000000000000 -> 02000000000000000000000000000000
========================================================================
Received Import Request.
  Time since last request: 19.602152 seconds.
  path: Assets/Scripts/PopcornTransformation.cs
  artifactKey: Guid(84a4737815a75b640bec26773156a711) Importer(815301076,1909f56bfc062723c751e8b465ee728b)
Start importing Assets/Scripts/PopcornTransformation.cs using Guid(84a4737815a75b640bec26773156a711) Importer(815301076,1909f56bfc062723c751e8b465ee728b)  -> (artifact id: 'b16b6d0d444af7a3362f6b243ba5fb05') in 0.012151 seconds
  Import took 0.015953 seconds .

========================================================================
Received Prepare
Registering precompiled user dll's ...
Registered in 0.007480 seconds.
Begin MonoManager ReloadAssembly
Native extension for WindowsStandalone target not found
Native extension for WebGL target not found
Refreshing native plugins compatible for Editor in 0.43 ms, found 2 plugins.
Preloading 0 native plugins for Editor in 0.00 ms.
Mono: successfully reloaded assembly
- Completed reload, in  1.666 seconds
Platform modules already initialized, skipping
Switching build target platform(19) subTarget(0) extendedPlatform(0) -> platform(13) subTarget(537395200) extendedPlatform(0)
Refreshing native plugins compatible for Editor in 0.56 ms, found 2 plugins.
Preloading 0 native plugins for Editor in 0.00 ms.
Unloading 1391 Unused Serialized files (Serialized files now loaded: 0)
System memory in use before: 69.2 MB.
System memory in use after: 69.3 MB.

Unloading 13 unused Assets to reduce memory usage. Loaded Objects now: 1894.
Total: 3.863300 ms (FindLiveObjects: 0.301500 ms CreateObjectMapping: 0.088100 ms MarkObjects: 3.445600 ms  DeleteObjects: 0.026400 ms)

AssetImportParameters requested are different than current active one (requested -> active):
  custom:graphics/normal-map-encoding: 01000000000000000000000000000000 -> 02000000000000000000000000000000
========================================================================
Received Import Request.
  Time since last request: 475.280550 seconds.
  path: Assets/Prefabs/Popcorn.prefab
  artifactKey: Guid(3c20bb756e1eebc47ba9c261eb168e53) Importer(815301076,1909f56bfc062723c751e8b465ee728b)
Start importing Assets/Prefabs/Popcorn.prefab using Guid(3c20bb756e1eebc47ba9c261eb168e53) Importer(815301076,1909f56bfc062723c751e8b465ee728b)  -> (artifact id: '5f9e0b0402be64f072a8a7f09e35f43f') in 0.494104 seconds
  Import took 0.500537 seconds .

========================================================================
Received Import Request.
  Time since last request: 7.430855 seconds.
  path: Assets/Prefabs/Kernel.prefab
  artifactKey: Guid(f240fe5e4cb8de54e9b10097ae586ce6) Importer(815301076,1909f56bfc062723c751e8b465ee728b)
Start importing Assets/Prefabs/Kernel.prefab using Guid(f240fe5e4cb8de54e9b10097ae586ce6) Importer(815301076,1909f56bfc062723c751e8b465ee728b)  -> (artifact id: '4a1365c9ee23f2d729a432cd4a42c40d') in 0.410579 seconds
  Import took 0.416570 seconds .

========================================================================
Received Prepare
Registering precompiled user dll's ...
Registered in 0.009551 seconds.
Begin MonoManager ReloadAssembly
Native extension for WindowsStandalone target not found
Native extension for WebGL target not found
Refreshing native plugins compatible for Editor in 0.44 ms, found 2 plugins.
Preloading 0 native plugins for Editor in 0.00 ms.
Mono: successfully reloaded assembly
- Completed reload, in  1.607 seconds
Platform modules already initialized, skipping
Switching build target platform(19) subTarget(0) extendedPlatform(0) -> platform(13) subTarget(537395200) extendedPlatform(0)
Refreshing native plugins compatible for Editor in 0.43 ms, found 2 plugins.
Preloading 0 native plugins for Editor in 0.00 ms.
Unloading 1391 Unused Serialized files (Serialized files now loaded: 0)
System memory in use before: 82.9 MB.
System memory in use after: 83.0 MB.

Unloading 13 unused Assets to reduce memory usage. Loaded Objects now: 1900.
Total: 2.721000 ms (FindLiveObjects: 0.218400 ms CreateObjectMapping: 0.066000 ms MarkObjects: 2.409300 ms  DeleteObjects: 0.025700 ms)

AssetImportParameters requested are different than current active one (requested -> active):
  custom:graphics/normal-map-encoding: 01000000000000000000000000000000 -> 02000000000000000000000000000000
========================================================================
Received Import Request.
  Time since last request: 121.698845 seconds.
  path: Assets/Scripts/FirstPlayer.cs
  artifactKey: Guid(a1daf9e93e78f49ecbd370c7b2aac001) Importer(815301076,1909f56bfc062723c751e8b465ee728b)
Start importing Assets/Scripts/FirstPlayer.cs using Guid(a1daf9e93e78f49ecbd370c7b2aac001) Importer(815301076,1909f56bfc062723c751e8b465ee728b)  -> (artifact id: '705ebfc936d6d393353c2b9c93523465') in 0.021805 seconds
  Import took 0.026634 seconds .

========================================================================
Received Import Request.
  Time since last request: 0.004481 seconds.
  path: Assets/Scripts/FirstPlayer.cs
  artifactKey: Guid(a1daf9e93e78f49ecbd370c7b2aac001) Importer(815301076,1909f56bfc062723c751e8b465ee728b)
Start importing Assets/Scripts/FirstPlayer.cs using Guid(a1daf9e93e78f49ecbd370c7b2aac001) Importer(815301076,1909f56bfc062723c751e8b465ee728b)  -> (artifact id: '705ebfc936d6d393353c2b9c93523465') in 0.004812 seconds
  Import took 0.009879 seconds .

========================================================================
Received Prepare
Registering precompiled user dll's ...
Registered in 0.010166 seconds.
Begin MonoManager ReloadAssembly
Native extension for WindowsStandalone target not found
Native extension for WebGL target not found
Refreshing native plugins compatible for Editor in 0.47 ms, found 2 plugins.
Preloading 0 native plugins for Editor in 0.00 ms.
Mono: successfully reloaded assembly
- Completed reload, in  1.860 seconds
Platform modules already initialized, skipping
Switching build target platform(19) subTarget(0) extendedPlatform(0) -> platform(13) subTarget(537395200) extendedPlatform(0)
Refreshing native plugins compatible for Editor in 0.42 ms, found 2 plugins.
Preloading 0 native plugins for Editor in 0.00 ms.
Unloading 1391 Unused Serialized files (Serialized files now loaded: 0)
System memory in use before: 82.9 MB.
System memory in use after: 83.1 MB.

Unloading 13 unused Assets to reduce memory usage. Loaded Objects now: 1903.
Total: 3.234200 ms (FindLiveObjects: 0.231500 ms CreateObjectMapping: 0.075700 ms MarkObjects: 2.896300 ms  DeleteObjects: 0.029000 ms)

AssetImportParameters requested are different than current active one (requested -> active):
  custom:graphics/normal-map-encoding: 01000000000000000000000000000000 -> 02000000000000000000000000000000
========================================================================
Received Import Request.
  Time since last request: 94.096264 seconds.
  path: Assets/Scripts/CollectedObjController.cs
  artifactKey: Guid(73ae53bcd2ddf4fd095723d73e1fc7de) Importer(815301076,1909f56bfc062723c751e8b465ee728b)
Start importing Assets/Scripts/CollectedObjController.cs using Guid(73ae53bcd2ddf4fd095723d73e1fc7de) Importer(815301076,1909f56bfc062723c751e8b465ee728b)  -> (artifact id: '5867c2bf8c9c9c91ecddde9be1d78f99') in 0.013963 seconds
  Import took 0.018416 seconds .

========================================================================
Received Import Request.
  Time since last request: 1.017314 seconds.
  path: ProjectSettings/TagManager.asset
  artifactKey: Guid(00000000000000003000000000000000) Importer(815301076,1909f56bfc062723c751e8b465ee728b)
Start importing ProjectSettings/TagManager.asset using Guid(00000000000000003000000000000000) Importer(815301076,1909f56bfc062723c751e8b465ee728b)  -> (artifact id: 'ed1bd51cdebccc429f03ea928cbb6c74') in 0.029073 seconds
  Import took 0.033787 seconds .

========================================================================
Received Prepare
Registering precompiled user dll's ...
Registered in 0.006785 seconds.
Begin MonoManager ReloadAssembly
Native extension for WindowsStandalone target not found
Native extension for WebGL target not found
Refreshing native plugins compatible for Editor in 0.42 ms, found 2 plugins.
Preloading 0 native plugins for Editor in 0.00 ms.
Mono: successfully reloaded assembly
- Completed reload, in  1.812 seconds
Platform modules already initialized, skipping
Switching build target platform(19) subTarget(0) extendedPlatform(0) -> platform(13) subTarget(537395200) extendedPlatform(0)
Refreshing native plugins compatible for Editor in 0.45 ms, found 2 plugins.
Preloading 0 native plugins for Editor in 0.00 ms.
Unloading 1391 Unused Serialized files (Serialized files now loaded: 0)
System memory in use before: 83.0 MB.
System memory in use after: 83.1 MB.

Unloading 14 unused Assets to reduce memory usage. Loaded Objects now: 1906.
Total: 2.762100 ms (FindLiveObjects: 0.198300 ms CreateObjectMapping: 0.062500 ms MarkObjects: 2.470400 ms  DeleteObjects: 0.028900 ms)

AssetImportParameters requested are different than current active one (requested -> active):
  custom:graphics/normal-map-encoding: 01000000000000000000000000000000 -> 02000000000000000000000000000000
========================================================================
Received Import Request.
  Time since last request: 83.554830 seconds.
  path: Assets/Prefabs/Kernel.prefab
  artifactKey: Guid(f240fe5e4cb8de54e9b10097ae586ce6) Importer(815301076,1909f56bfc062723c751e8b465ee728b)
Start importing Assets/Prefabs/Kernel.prefab using Guid(f240fe5e4cb8de54e9b10097ae586ce6) Importer(815301076,1909f56bfc062723c751e8b465ee728b)  -> (artifact id: 'af96418e25376c7369bd0e230d4cf357') in 0.132832 seconds
  Import took 0.138780 seconds .

========================================================================
Received Prepare
Registering precompiled user dll's ...
Registered in 0.012406 seconds.
Begin MonoManager ReloadAssembly
Native extension for WindowsStandalone target not found
Native extension for WebGL target not found
Refreshing native plugins compatible for Editor in 0.42 ms, found 2 plugins.
Preloading 0 native plugins for Editor in 0.00 ms.
Mono: successfully reloaded assembly
- Completed reload, in  1.774 seconds
Platform modules already initialized, skipping
Switching build target platform(19) subTarget(0) extendedPlatform(0) -> platform(13) subTarget(537395200) extendedPlatform(0)
Refreshing native plugins compatible for Editor in 0.41 ms, found 2 plugins.
Preloading 0 native plugins for Editor in 0.00 ms.
Unloading 1391 Unused Serialized files (Serialized files now loaded: 0)
System memory in use before: 83.0 MB.
System memory in use after: 83.1 MB.

Unloading 13 unused Assets to reduce memory usage. Loaded Objects now: 1910.
Total: 4.125800 ms (FindLiveObjects: 0.340800 ms CreateObjectMapping: 0.119600 ms MarkObjects: 3.636600 ms  DeleteObjects: 0.026900 ms)

AssetImportParameters requested are different than current active one (requested -> active):
  custom:graphics/normal-map-encoding: 01000000000000000000000000000000 -> 02000000000000000000000000000000
========================================================================
Received Prepare
Registering precompiled user dll's ...
Registered in 0.006175 seconds.
Begin MonoManager ReloadAssembly
Native extension for WindowsStandalone target not found
Native extension for WebGL target not found
Refreshing native plugins compatible for Editor in 0.44 ms, found 2 plugins.
Preloading 0 native plugins for Editor in 0.00 ms.
Mono: successfully reloaded assembly
- Completed reload, in  1.970 seconds
Platform modules already initialized, skipping
Switching build target platform(19) subTarget(0) extendedPlatform(0) -> platform(13) subTarget(537395200) extendedPlatform(0)
Refreshing native plugins compatible for Editor in 0.42 ms, found 2 plugins.
Preloading 0 native plugins for Editor in 0.00 ms.
Unloading 1391 Unused Serialized files (Serialized files now loaded: 0)
System memory in use before: 83.0 MB.
System memory in use after: 83.1 MB.

Unloading 13 unused Assets to reduce memory usage. Loaded Objects now: 1913.
Total: 2.611000 ms (FindLiveObjects: 0.209600 ms CreateObjectMapping: 0.067800 ms MarkObjects: 2.303800 ms  DeleteObjects: 0.028300 ms)

AssetImportParameters requested are different than current active one (requested -> active):
  custom:graphics/normal-map-encoding: 01000000000000000000000000000000 -> 02000000000000000000000000000000
========================================================================
Received Prepare
Registering precompiled user dll's ...
Registered in 0.005788 seconds.
Begin MonoManager ReloadAssembly
Native extension for WindowsStandalone target not found
Native extension for WebGL target not found
Refreshing native plugins compatible for Editor in 0.70 ms, found 2 plugins.
Preloading 0 native plugins for Editor in 0.00 ms.
Mono: successfully reloaded assembly
- Completed reload, in  1.714 seconds
Platform modules already initialized, skipping
Switching build target platform(19) subTarget(0) extendedPlatform(0) -> platform(13) subTarget(537395200) extendedPlatform(0)
Refreshing native plugins compatible for Editor in 0.45 ms, found 2 plugins.
Preloading 0 native plugins for Editor in 0.00 ms.
Unloading 1391 Unused Serialized files (Serialized files now loaded: 0)
System memory in use before: 83.0 MB.
System memory in use after: 83.1 MB.

Unloading 13 unused Assets to reduce memory usage. Loaded Objects now: 1916.
Total: 2.625300 ms (FindLiveObjects: 0.210000 ms CreateObjectMapping: 0.065400 ms MarkObjects: 2.324100 ms  DeleteObjects: 0.024200 ms)

AssetImportParameters requested are different than current active one (requested -> active):
  custom:graphics/normal-map-encoding: 01000000000000000000000000000000 -> 02000000000000000000000000000000
========================================================================
Received Prepare
Registering precompiled user dll's ...
Registered in 0.007275 seconds.
Begin MonoManager ReloadAssembly
Native extension for WindowsStandalone target not found
Native extension for WebGL target not found
Refreshing native plugins compatible for Editor in 0.42 ms, found 2 plugins.
Preloading 0 native plugins for Editor in 0.00 ms.
Mono: successfully reloaded assembly
- Completed reload, in  1.563 seconds
Platform modules already initialized, skipping
Switching build target platform(19) subTarget(0) extendedPlatform(0) -> platform(13) subTarget(537395200) extendedPlatform(0)
Refreshing native plugins compatible for Editor in 0.43 ms, found 2 plugins.
Preloading 0 native plugins for Editor in 0.00 ms.
Unloading 1391 Unused Serialized files (Serialized files now loaded: 0)
System memory in use before: 83.0 MB.
System memory in use after: 83.1 MB.

Unloading 13 unused Assets to reduce memory usage. Loaded Objects now: 1919.
Total: 2.747400 ms (FindLiveObjects: 0.209500 ms CreateObjectMapping: 0.064700 ms MarkObjects: 2.446700 ms  DeleteObjects: 0.024600 ms)

AssetImportParameters requested are different than current active one (requested -> active):
  custom:graphics/normal-map-encoding: 01000000000000000000000000000000 -> 02000000000000000000000000000000
========================================================================
Received Prepare
Registering precompiled user dll's ...
Registered in 0.010917 seconds.
Begin MonoManager ReloadAssembly
Native extension for WindowsStandalone target not found
Native extension for WebGL target not found
Refreshing native plugins compatible for Editor in 0.47 ms, found 2 plugins.
Preloading 0 native plugins for Editor in 0.00 ms.
Mono: successfully reloaded assembly
- Completed reload, in  2.919 seconds
Platform modules already initialized, skipping
Switching build target platform(19) subTarget(0) extendedPlatform(0) -> platform(13) subTarget(537395200) extendedPlatform(0)
Refreshing native plugins compatible for Editor in 0.42 ms, found 2 plugins.
Preloading 0 native plugins for Editor in 0.00 ms.
Unloading 1391 Unused Serialized files (Serialized files now loaded: 0)
System memory in use before: 83.0 MB.
System memory in use after: 83.1 MB.

Unloading 13 unused Assets to reduce memory usage. Loaded Objects now: 1922.
Total: 4.146400 ms (FindLiveObjects: 0.228500 ms CreateObjectMapping: 0.068500 ms MarkObjects: 3.763800 ms  DeleteObjects: 0.081300 ms)

AssetImportParameters requested are different than current active one (requested -> active):
  custom:graphics/normal-map-encoding: 01000000000000000000000000000000 -> 02000000000000000000000000000000
========================================================================
Received Prepare
Registering precompiled user dll's ...
Registered in 0.010782 seconds.
Begin MonoManager ReloadAssembly
Native extension for WindowsStandalone target not found
Native extension for WebGL target not found
Refreshing native plugins compatible for Editor in 0.54 ms, found 2 plugins.
Preloading 0 native plugins for Editor in 0.00 ms.
Mono: successfully reloaded assembly
- Completed reload, in  2.662 seconds
Platform modules already initialized, skipping
Switching build target platform(19) subTarget(0) extendedPlatform(0) -> platform(13) subTarget(537395200) extendedPlatform(0)
Refreshing native plugins compatible for Editor in 0.47 ms, found 2 plugins.
Preloading 0 native plugins for Editor in 0.00 ms.
Unloading 1391 Unused Serialized files (Serialized files now loaded: 0)
System memory in use before: 83.0 MB.
System memory in use after: 83.1 MB.

Unloading 13 unused Assets to reduce memory usage. Loaded Objects now: 1925.
Total: 5.967900 ms (FindLiveObjects: 1.729400 ms CreateObjectMapping: 0.304100 ms MarkObjects: 3.904300 ms  DeleteObjects: 0.027400 ms)

AssetImportParameters requested are different than current active one (requested -> active):
  custom:graphics/normal-map-encoding: 01000000000000000000000000000000 -> 02000000000000000000000000000000
========================================================================
Received Prepare
Registering precompiled user dll's ...
Registered in 0.013020 seconds.
Begin MonoManager ReloadAssembly
Native extension for WindowsStandalone target not found
Native extension for WebGL target not found
Refreshing native plugins compatible for Editor in 1.51 ms, found 2 plugins.
Preloading 0 native plugins for Editor in 0.00 ms.
Mono: successfully reloaded assembly
- Completed reload, in  5.943 seconds
Platform modules already initialized, skipping
Switching build target platform(19) subTarget(0) extendedPlatform(0) -> platform(13) subTarget(537395200) extendedPlatform(0)
Refreshing native plugins compatible for Editor in 1.76 ms, found 2 plugins.
Preloading 0 native plugins for Editor in 0.00 ms.
Unloading 1390 Unused Serialized files (Serialized files now loaded: 0)
System memory in use before: 83.0 MB.
System memory in use after: 83.1 MB.

Unloading 14 unused Assets to reduce memory usage. Loaded Objects now: 1927.
Total: 7.940900 ms (FindLiveObjects: 1.390900 ms CreateObjectMapping: 0.277000 ms MarkObjects: 6.218400 ms  DeleteObjects: 0.050600 ms)

AssetImportParameters requested are different than current active one (requested -> active):
  custom:graphics/normal-map-encoding: 01000000000000000000000000000000 -> 02000000000000000000000000000000
========================================================================
Received Prepare
Registering precompiled user dll's ...
Registered in 0.008751 seconds.
Begin MonoManager ReloadAssembly
Native extension for WindowsStandalone target not found
Native extension for WebGL target not found
Refreshing native plugins compatible for Editor in 0.43 ms, found 2 plugins.
Preloading 0 native plugins for Editor in 0.00 ms.
Mono: successfully reloaded assembly
- Completed reload, in  2.966 seconds
Platform modules already initialized, skipping
Switching build target platform(19) subTarget(0) extendedPlatform(0) -> platform(13) subTarget(537395200) extendedPlatform(0)
Refreshing native plugins compatible for Editor in 0.43 ms, found 2 plugins.
Preloading 0 native plugins for Editor in 0.00 ms.
Unloading 1390 Unused Serialized files (Serialized files now loaded: 0)
System memory in use before: 83.0 MB.
System memory in use after: 83.1 MB.

Unloading 13 unused Assets to reduce memory usage. Loaded Objects now: 1930.
Total: 3.985700 ms (FindLiveObjects: 0.244100 ms CreateObjectMapping: 0.087700 ms MarkObjects: 3.615800 ms  DeleteObjects: 0.032300 ms)

AssetImportParameters requested are different than current active one (requested -> active):
  custom:graphics/normal-map-encoding: 01000000000000000000000000000000 -> 02000000000000000000000000000000
========================================================================
Received Prepare
Registering precompiled user dll's ...
Registered in 0.007850 seconds.
Begin MonoManager ReloadAssembly
Native extension for WindowsStandalone target not found
Native extension for WebGL target not found
Refreshing native plugins compatible for Editor in 0.65 ms, found 2 plugins.
Preloading 0 native plugins for Editor in 0.00 ms.
Mono: successfully reloaded assembly
- Completed reload, in  1.909 seconds
Platform modules already initialized, skipping
Switching build target platform(19) subTarget(0) extendedPlatform(0) -> platform(13) subTarget(537395200) extendedPlatform(0)
Refreshing native plugins compatible for Editor in 0.41 ms, found 2 plugins.
Preloading 0 native plugins for Editor in 0.00 ms.
Unloading 1390 Unused Serialized files (Serialized files now loaded: 0)
System memory in use before: 83.0 MB.
System memory in use after: 83.1 MB.

Unloading 13 unused Assets to reduce memory usage. Loaded Objects now: 1933.
Total: 2.511500 ms (FindLiveObjects: 0.223100 ms CreateObjectMapping: 0.069000 ms MarkObjects: 2.191900 ms  DeleteObjects: 0.025800 ms)

AssetImportParameters requested are different than current active one (requested -> active):
  custom:graphics/normal-map-encoding: 01000000000000000000000000000000 -> 02000000000000000000000000000000
========================================================================
Received Prepare
Registering precompiled user dll's ...
Registered in 0.006085 seconds.
Begin MonoManager ReloadAssembly
Native extension for WindowsStandalone target not found
Native extension for WebGL target not found
Refreshing native plugins compatible for Editor in 0.42 ms, found 2 plugins.
Preloading 0 native plugins for Editor in 0.00 ms.
Mono: successfully reloaded assembly
- Completed reload, in  1.990 seconds
Platform modules already initialized, skipping
Switching build target platform(19) subTarget(0) extendedPlatform(0) -> platform(13) subTarget(537395200) extendedPlatform(0)
Refreshing native plugins compatible for Editor in 0.42 ms, found 2 plugins.
Preloading 0 native plugins for Editor in 0.00 ms.
Unloading 1390 Unused Serialized files (Serialized files now loaded: 0)
System memory in use before: 83.0 MB.
System memory in use after: 83.1 MB.

Unloading 13 unused Assets to reduce memory usage. Loaded Objects now: 1936.
Total: 7.412400 ms (FindLiveObjects: 0.359500 ms CreateObjectMapping: 0.467300 ms MarkObjects: 6.550200 ms  DeleteObjects: 0.033300 ms)

AssetImportParameters requested are different than current active one (requested -> active):
  custom:graphics/normal-map-encoding: 01000000000000000000000000000000 -> 02000000000000000000000000000000
========================================================================
Received Prepare
Registering precompiled user dll's ...
Registered in 0.013294 seconds.
Begin MonoManager ReloadAssembly
Native extension for WindowsStandalone target not found
Native extension for WebGL target not found
Refreshing native plugins compatible for Editor in 0.42 ms, found 2 plugins.
Preloading 0 native plugins for Editor in 0.00 ms.
Mono: successfully reloaded assembly
- Completed reload, in  1.986 seconds
Platform modules already initialized, skipping
Switching build target platform(19) subTarget(0) extendedPlatform(0) -> platform(13) subTarget(537395200) extendedPlatform(0)
Refreshing native plugins compatible for Editor in 0.41 ms, found 2 plugins.
Preloading 0 native plugins for Editor in 0.00 ms.
Unloading 1390 Unused Serialized files (Serialized files now loaded: 0)
System memory in use before: 83.0 MB.
System memory in use after: 83.1 MB.

Unloading 13 unused Assets to reduce memory usage. Loaded Objects now: 1939.
Total: 2.557300 ms (FindLiveObjects: 0.217100 ms CreateObjectMapping: 0.070800 ms MarkObjects: 2.244200 ms  DeleteObjects: 0.023500 ms)

AssetImportParameters requested are different than current active one (requested -> active):
  custom:graphics/normal-map-encoding: 01000000000000000000000000000000 -> 02000000000000000000000000000000
========================================================================
Received Import Request.
  Time since last request: 859.829353 seconds.
  path: Assets/Scripts/CollectedObjController.cs
  artifactKey: Guid(73ae53bcd2ddf4fd095723d73e1fc7de) Importer(815301076,1909f56bfc062723c751e8b465ee728b)
Start importing Assets/Scripts/CollectedObjController.cs using Guid(73ae53bcd2ddf4fd095723d73e1fc7de) Importer(815301076,1909f56bfc062723c751e8b465ee728b)  -> (artifact id: 'cf41ef084160478f0c1be8be0a4716e0') in 0.014666 seconds
  Import took 0.019788 seconds .

========================================================================
Received Import Request.
  Time since last request: 2.772986 seconds.
  path: Assets/Scripts/Movement.cs
  artifactKey: Guid(353639ebaf9e64fb6a0e4fc0356957b7) Importer(815301076,1909f56bfc062723c751e8b465ee728b)
Start importing Assets/Scripts/Movement.cs using Guid(353639ebaf9e64fb6a0e4fc0356957b7) Importer(815301076,1909f56bfc062723c751e8b465ee728b)  -> (artifact id: 'cf2850c758a4764c73b286294c80a1d9') in 0.012671 seconds
  Import took 0.019898 seconds .

========================================================================
Received Prepare
Registering precompiled user dll's ...
Registered in 0.006433 seconds.
Begin MonoManager ReloadAssembly
Native extension for WindowsStandalone target not found
Native extension for WebGL target not found
Refreshing native plugins compatible for Editor in 0.43 ms, found 2 plugins.
Preloading 0 native plugins for Editor in 0.00 ms.
Mono: successfully reloaded assembly
- Completed reload, in  1.991 seconds
Platform modules already initialized, skipping
Switching build target platform(19) subTarget(0) extendedPlatform(0) -> platform(13) subTarget(537395200) extendedPlatform(0)
Refreshing native plugins compatible for Editor in 0.41 ms, found 2 plugins.
Preloading 0 native plugins for Editor in 0.00 ms.
Unloading 1390 Unused Serialized files (Serialized files now loaded: 0)
System memory in use before: 83.0 MB.
System memory in use after: 83.1 MB.

Unloading 13 unused Assets to reduce memory usage. Loaded Objects now: 1942.
Total: 2.814500 ms (FindLiveObjects: 0.234400 ms CreateObjectMapping: 0.071100 ms MarkObjects: 2.481200 ms  DeleteObjects: 0.026100 ms)

AssetImportParameters requested are different than current active one (requested -> active):
  custom:graphics/normal-map-encoding: 01000000000000000000000000000000 -> 02000000000000000000000000000000
========================================================================
Received Prepare
Registering precompiled user dll's ...
Registered in 0.005803 seconds.
Begin MonoManager ReloadAssembly
Native extension for WindowsStandalone target not found
Native extension for WebGL target not found
Refreshing native plugins compatible for Editor in 0.42 ms, found 2 plugins.
Preloading 0 native plugins for Editor in 0.00 ms.
Mono: successfully reloaded assembly
- Completed reload, in  1.958 seconds
Platform modules already initialized, skipping
Switching build target platform(19) subTarget(0) extendedPlatform(0) -> platform(13) subTarget(537395200) extendedPlatform(0)
Refreshing native plugins compatible for Editor in 0.40 ms, found 2 plugins.
Preloading 0 native plugins for Editor in 0.00 ms.
Unloading 1390 Unused Serialized files (Serialized files now loaded: 0)
System memory in use before: 83.0 MB.
System memory in use after: 83.1 MB.

Unloading 13 unused Assets to reduce memory usage. Loaded Objects now: 1945.
Total: 2.953900 ms (FindLiveObjects: 0.218500 ms CreateObjectMapping: 0.075500 ms MarkObjects: 2.631500 ms  DeleteObjects: 0.026400 ms)

AssetImportParameters requested are different than current active one (requested -> active):
  custom:graphics/normal-map-encoding: 01000000000000000000000000000000 -> 02000000000000000000000000000000
========================================================================
Received Import Request.
  Time since last request: 270.474630 seconds.
  path: Assets/Materials/CollectedObjMaterial.mat
  artifactKey: Guid(23e2137e2b3f04fd59d28b2dd74e9e03) Importer(815301076,1909f56bfc062723c751e8b465ee728b)
Start importing Assets/Materials/CollectedObjMaterial.mat using Guid(23e2137e2b3f04fd59d28b2dd74e9e03) Importer(815301076,1909f56bfc062723c751e8b465ee728b)  -> (artifact id: 'dc3fb5f119f8d54bbd790f65bc0b4e11') in 0.391383 seconds
  Import took 0.396928 seconds .

========================================================================
Received Import Request.
  Time since last request: 29.284896 seconds.
  path: Assets/Prefabs/Kernel.prefab
  artifactKey: Guid(f240fe5e4cb8de54e9b10097ae586ce6) Importer(815301076,1909f56bfc062723c751e8b465ee728b)
Start importing Assets/Prefabs/Kernel.prefab using Guid(f240fe5e4cb8de54e9b10097ae586ce6) Importer(815301076,1909f56bfc062723c751e8b465ee728b)  -> (artifact id: 'd580b43a8cb470a70c180e61cc5be8a2') in 0.073416 seconds
  Import took 0.077743 seconds .

========================================================================
Received Prepare
Registering precompiled user dll's ...
Registered in 0.006187 seconds.
Begin MonoManager ReloadAssembly
Native extension for WindowsStandalone target not found
Native extension for WebGL target not found
Refreshing native plugins compatible for Editor in 0.44 ms, found 2 plugins.
Preloading 0 native plugins for Editor in 0.00 ms.
Mono: successfully reloaded assembly
- Completed reload, in  1.704 seconds
Platform modules already initialized, skipping
Switching build target platform(19) subTarget(0) extendedPlatform(0) -> platform(13) subTarget(537395200) extendedPlatform(0)
Refreshing native plugins compatible for Editor in 0.43 ms, found 2 plugins.
Preloading 0 native plugins for Editor in 0.00 ms.
Unloading 1390 Unused Serialized files (Serialized files now loaded: 0)
System memory in use before: 83.1 MB.
System memory in use after: 83.2 MB.

Unloading 13 unused Assets to reduce memory usage. Loaded Objects now: 1949.
Total: 2.581000 ms (FindLiveObjects: 0.207100 ms CreateObjectMapping: 0.065500 ms MarkObjects: 2.284100 ms  DeleteObjects: 0.022900 ms)

AssetImportParameters requested are different than current active one (requested -> active):
  custom:graphics/normal-map-encoding: 01000000000000000000000000000000 -> 02000000000000000000000000000000
========================================================================
Received Prepare
Registering precompiled user dll's ...
Registered in 0.010077 seconds.
Begin MonoManager ReloadAssembly
Native extension for WindowsStandalone target not found
Native extension for WebGL target not found
Refreshing native plugins compatible for Editor in 0.43 ms, found 2 plugins.
Preloading 0 native plugins for Editor in 0.00 ms.
Mono: successfully reloaded assembly
- Completed reload, in  1.952 seconds
Platform modules already initialized, skipping
Switching build target platform(19) subTarget(0) extendedPlatform(0) -> platform(13) subTarget(537395200) extendedPlatform(0)
Refreshing native plugins compatible for Editor in 0.46 ms, found 2 plugins.
Preloading 0 native plugins for Editor in 0.00 ms.
Unloading 1390 Unused Serialized files (Serialized files now loaded: 0)
System memory in use before: 83.1 MB.
System memory in use after: 83.2 MB.

Unloading 13 unused Assets to reduce memory usage. Loaded Objects now: 1952.
Total: 2.885700 ms (FindLiveObjects: 0.236100 ms CreateObjectMapping: 0.073900 ms MarkObjects: 2.544900 ms  DeleteObjects: 0.029100 ms)

AssetImportParameters requested are different than current active one (requested -> active):
  custom:graphics/normal-map-encoding: 01000000000000000000000000000000 -> 02000000000000000000000000000000
========================================================================
Received Prepare
Registering precompiled user dll's ...
Registered in 0.030122 seconds.
Begin MonoManager ReloadAssembly
Native extension for WindowsStandalone target not found
Native extension for WebGL target not found
Refreshing native plugins compatible for Editor in 0.54 ms, found 2 plugins.
Preloading 0 native plugins for Editor in 0.00 ms.
Mono: successfully reloaded assembly
- Completed reload, in  1.841 seconds
Platform modules already initialized, skipping
Switching build target platform(19) subTarget(0) extendedPlatform(0) -> platform(13) subTarget(537395200) extendedPlatform(0)
Refreshing native plugins compatible for Editor in 0.40 ms, found 2 plugins.
Preloading 0 native plugins for Editor in 0.00 ms.
Unloading 1390 Unused Serialized files (Serialized files now loaded: 0)
System memory in use before: 83.1 MB.
System memory in use after: 83.2 MB.

Unloading 13 unused Assets to reduce memory usage. Loaded Objects now: 1955.
Total: 2.937600 ms (FindLiveObjects: 0.445500 ms CreateObjectMapping: 0.161200 ms MarkObjects: 2.304400 ms  DeleteObjects: 0.024900 ms)

AssetImportParameters requested are different than current active one (requested -> active):
  custom:graphics/normal-map-encoding: 01000000000000000000000000000000 -> 02000000000000000000000000000000
========================================================================
Received Prepare
Registering precompiled user dll's ...
Registered in 0.007262 seconds.
Begin MonoManager ReloadAssembly
Native extension for WindowsStandalone target not found
Native extension for WebGL target not found
Refreshing native plugins compatible for Editor in 0.44 ms, found 2 plugins.
Preloading 0 native plugins for Editor in 0.00 ms.
Mono: successfully reloaded assembly
- Completed reload, in  1.837 seconds
Platform modules already initialized, skipping
Switching build target platform(19) subTarget(0) extendedPlatform(0) -> platform(13) subTarget(537395200) extendedPlatform(0)
Refreshing native plugins compatible for Editor in 0.43 ms, found 2 plugins.
Preloading 0 native plugins for Editor in 0.00 ms.
Unloading 1390 Unused Serialized files (Serialized files now loaded: 0)
System memory in use before: 83.1 MB.
System memory in use after: 83.2 MB.

Unloading 13 unused Assets to reduce memory usage. Loaded Objects now: 1958.
Total: 2.604700 ms (FindLiveObjects: 0.264800 ms CreateObjectMapping: 0.089900 ms MarkObjects: 2.224800 ms  DeleteObjects: 0.023800 ms)

AssetImportParameters requested are different than current active one (requested -> active):
  custom:graphics/normal-map-encoding: 01000000000000000000000000000000 -> 02000000000000000000000000000000
========================================================================
Received Prepare
Registering precompiled user dll's ...
Registered in 0.007971 seconds.
Begin MonoManager ReloadAssembly
Native extension for WindowsStandalone target not found
Native extension for WebGL target not found
Refreshing native plugins compatible for Editor in 0.45 ms, found 2 plugins.
Preloading 0 native plugins for Editor in 0.00 ms.
Mono: successfully reloaded assembly
- Completed reload, in  2.816 seconds
Platform modules already initialized, skipping
Switching build target platform(19) subTarget(0) extendedPlatform(0) -> platform(13) subTarget(537395200) extendedPlatform(0)
Refreshing native plugins compatible for Editor in 0.43 ms, found 2 plugins.
Preloading 0 native plugins for Editor in 0.00 ms.
Unloading 1390 Unused Serialized files (Serialized files now loaded: 0)
System memory in use before: 83.1 MB.
System memory in use after: 83.2 MB.

Unloading 13 unused Assets to reduce memory usage. Loaded Objects now: 1961.
Total: 2.834000 ms (FindLiveObjects: 0.245500 ms CreateObjectMapping: 0.073400 ms MarkObjects: 2.463600 ms  DeleteObjects: 0.049400 ms)

AssetImportParameters requested are different than current active one (requested -> active):
  custom:graphics/normal-map-encoding: 01000000000000000000000000000000 -> 02000000000000000000000000000000
========================================================================
Received Prepare
Registering precompiled user dll's ...
Registered in 0.008036 seconds.
Begin MonoManager ReloadAssembly
Native extension for WindowsStandalone target not found
Native extension for WebGL target not found
Refreshing native plugins compatible for Editor in 0.49 ms, found 2 plugins.
Preloading 0 native plugins for Editor in 0.00 ms.
Mono: successfully reloaded assembly
- Completed reload, in  1.987 seconds
Platform modules already initialized, skipping
Switching build target platform(19) subTarget(0) extendedPlatform(0) -> platform(13) subTarget(537395200) extendedPlatform(0)
Refreshing native plugins compatible for Editor in 0.42 ms, found 2 plugins.
Preloading 0 native plugins for Editor in 0.00 ms.
Unloading 1390 Unused Serialized files (Serialized files now loaded: 0)
System memory in use before: 83.1 MB.
System memory in use after: 83.2 MB.

Unloading 13 unused Assets to reduce memory usage. Loaded Objects now: 1964.
Total: 4.330500 ms (FindLiveObjects: 0.437600 ms CreateObjectMapping: 0.479100 ms MarkObjects: 3.379900 ms  DeleteObjects: 0.031100 ms)

AssetImportParameters requested are different than current active one (requested -> active):
  custom:graphics/normal-map-encoding: 01000000000000000000000000000000 -> 02000000000000000000000000000000
========================================================================
Received Import Request.
  Time since last request: 786.218979 seconds.
  path: Assets/Materials/Seamless hotel casino carpet texture.mat
  artifactKey: Guid(7267400a9849d7e49b38861110b09d00) Importer(815301076,1909f56bfc062723c751e8b465ee728b)
Start importing Assets/Materials/Seamless hotel casino carpet texture.mat using Guid(7267400a9849d7e49b38861110b09d00) Importer(815301076,1909f56bfc062723c751e8b465ee728b)  -> (artifact id: '5973d58e87524587c6dff0b377b65560') in 0.167627 seconds
  Import took 0.172429 seconds .

========================================================================
Received Import Request.
  Time since last request: 0.000377 seconds.
  path: Assets/Skybox.mat
  artifactKey: Guid(44fdd450924f84f42b60da06d319165b) Importer(815301076,1909f56bfc062723c751e8b465ee728b)
Start importing Assets/Skybox.mat using Guid(44fdd450924f84f42b60da06d319165b) Importer(815301076,1909f56bfc062723c751e8b465ee728b)  -> (artifact id: '766f233fd1987cf073600e0e4bb38ae9') in 0.102705 seconds
  Import took 0.107621 seconds .

========================================================================
Received Prepare
Registering precompiled user dll's ...
Registered in 0.006505 seconds.
Begin MonoManager ReloadAssembly
Native extension for WindowsStandalone target not found
Native extension for WebGL target not found
Refreshing native plugins compatible for Editor in 0.53 ms, found 2 plugins.
Preloading 0 native plugins for Editor in 0.00 ms.
Mono: successfully reloaded assembly
- Completed reload, in  1.874 seconds
Platform modules already initialized, skipping
Switching build target platform(19) subTarget(0) extendedPlatform(0) -> platform(13) subTarget(537395200) extendedPlatform(0)
Refreshing native plugins compatible for Editor in 0.43 ms, found 2 plugins.
Preloading 0 native plugins for Editor in 0.00 ms.
Unloading 1390 Unused Serialized files (Serialized files now loaded: 0)
System memory in use before: 83.1 MB.
System memory in use after: 83.2 MB.

Unloading 13 unused Assets to reduce memory usage. Loaded Objects now: 1968.
Total: 2.745900 ms (FindLiveObjects: 0.281500 ms CreateObjectMapping: 0.086500 ms MarkObjects: 2.350000 ms  DeleteObjects: 0.026300 ms)

AssetImportParameters requested are different than current active one (requested -> active):
  custom:graphics/normal-map-encoding: 01000000000000000000000000000000 -> 02000000000000000000000000000000
========================================================================
Received Prepare
Registering precompiled user dll's ...
Registered in 0.020769 seconds.
Begin MonoManager ReloadAssembly
Native extension for WindowsStandalone target not found
Native extension for WebGL target not found
Refreshing native plugins compatible for Editor in 0.52 ms, found 2 plugins.
Preloading 0 native plugins for Editor in 0.00 ms.
Mono: successfully reloaded assembly
- Completed reload, in  2.008 seconds
Platform modules already initialized, skipping
Switching build target platform(19) subTarget(0) extendedPlatform(0) -> platform(13) subTarget(537395200) extendedPlatform(0)
Refreshing native plugins compatible for Editor in 0.41 ms, found 2 plugins.
Preloading 0 native plugins for Editor in 0.00 ms.
Unloading 1390 Unused Serialized files (Serialized files now loaded: 0)
System memory in use before: 83.1 MB.
System memory in use after: 83.2 MB.

Unloading 13 unused Assets to reduce memory usage. Loaded Objects now: 1971.
Total: 2.841700 ms (FindLiveObjects: 0.309900 ms CreateObjectMapping: 0.077100 ms MarkObjects: 2.423100 ms  DeleteObjects: 0.030100 ms)

AssetImportParameters requested are different than current active one (requested -> active):
  custom:graphics/normal-map-encoding: 01000000000000000000000000000000 -> 02000000000000000000000000000000
========================================================================
Received Import Request.
  Time since last request: 4964.214857 seconds.
  path: Assets/Prefabs
  artifactKey: Guid(2d1e7f6a3739a46839f3400771d8893f) Importer(815301076,1909f56bfc062723c751e8b465ee728b)
Start importing Assets/Prefabs using Guid(2d1e7f6a3739a46839f3400771d8893f) Importer(815301076,1909f56bfc062723c751e8b465ee728b)  -> (artifact id: '1e51a2f1ea8574a59aa8491a58b13fae') in 0.024295 seconds
  Import took 0.029682 seconds .

========================================================================
Received Import Request.
  Time since last request: 360.927755 seconds.
  path: Assets/Scripts/Movement.cs
  artifactKey: Guid(353639ebaf9e64fb6a0e4fc0356957b7) Importer(815301076,1909f56bfc062723c751e8b465ee728b)
Start importing Assets/Scripts/Movement.cs using Guid(353639ebaf9e64fb6a0e4fc0356957b7) Importer(815301076,1909f56bfc062723c751e8b465ee728b)  -> (artifact id: 'e9becb8491f212d2a969b5df45364ce3') in 0.005344 seconds
  Import took 0.011554 seconds .

========================================================================
Received Import Request.
  Time since last request: 0.000687 seconds.
  path: Assets/Scripts/Movement.cs
  artifactKey: Guid(353639ebaf9e64fb6a0e4fc0356957b7) Importer(815301076,1909f56bfc062723c751e8b465ee728b)
Start importing Assets/Scripts/Movement.cs using Guid(353639ebaf9e64fb6a0e4fc0356957b7) Importer(815301076,1909f56bfc062723c751e8b465ee728b)  -> (artifact id: 'e9becb8491f212d2a969b5df45364ce3') in 0.004623 seconds
  Import took 0.008405 seconds .

========================================================================
Received Prepare
Registering precompiled user dll's ...
Registered in 0.010368 seconds.
Begin MonoManager ReloadAssembly
Native extension for WindowsStandalone target not found
Native extension for WebGL target not found
Refreshing native plugins compatible for Editor in 0.47 ms, found 2 plugins.
Preloading 0 native plugins for Editor in 0.00 ms.
Mono: successfully reloaded assembly
- Completed reload, in  1.872 seconds
Platform modules already initialized, skipping
Switching build target platform(19) subTarget(0) extendedPlatform(0) -> platform(13) subTarget(537395200) extendedPlatform(0)
Refreshing native plugins compatible for Editor in 0.45 ms, found 2 plugins.
Preloading 0 native plugins for Editor in 0.00 ms.
Unloading 1390 Unused Serialized files (Serialized files now loaded: 0)
System memory in use before: 83.1 MB.
System memory in use after: 83.2 MB.

Unloading 13 unused Assets to reduce memory usage. Loaded Objects now: 1974.
Total: 2.962200 ms (FindLiveObjects: 0.228300 ms CreateObjectMapping: 0.068200 ms MarkObjects: 2.634000 ms  DeleteObjects: 0.029700 ms)

AssetImportParameters requested are different than current active one (requested -> active):
  custom:graphics/normal-map-encoding: 01000000000000000000000000000000 -> 02000000000000000000000000000000
========================================================================
Received Import Request.
  Time since last request: 314.453277 seconds.
  path: Assets/Models/Kernel.fbx
  artifactKey: Guid(3858f474074ea4149877f88d285a46cc) Importer(815301076,1909f56bfc062723c751e8b465ee728b)
Start importing Assets/Models/Kernel.fbx using Guid(3858f474074ea4149877f88d285a46cc) Importer(815301076,1909f56bfc062723c751e8b465ee728b)  -> (artifact id: 'bf5575a44f2b68280d8b94e78cd70711') in 0.281828 seconds
  Import took 0.288642 seconds .

========================================================================
Received Import Request.
  Time since last request: 191.717335 seconds.
  path: Assets/Models/Popcorn2.fbx
  artifactKey: Guid(3c3597548995df54c8054bc041d27025) Importer(815301076,1909f56bfc062723c751e8b465ee728b)
Start importing Assets/Models/Popcorn2.fbx using Guid(3c3597548995df54c8054bc041d27025) Importer(815301076,1909f56bfc062723c751e8b465ee728b)  -> (artifact id: 'b8825aa8ed2375f8212289b5e9efc568') in 0.185220 seconds
  Import took 0.191624 seconds .

========================================================================
Received Import Request.
  Time since last request: 10.015828 seconds.
  path: Assets/Models/Popcorn2.fbx
  artifactKey: Guid(3c3597548995df54c8054bc041d27025) Importer(815301076,1909f56bfc062723c751e8b465ee728b)
Start importing Assets/Models/Popcorn2.fbx using Guid(3c3597548995df54c8054bc041d27025) Importer(815301076,1909f56bfc062723c751e8b465ee728b)  -> (artifact id: '22dc066c6a868396aa3e707de7065049') in 0.116867 seconds
  Import took 0.126042 seconds .

========================================================================
Received Import Request.
  Time since last request: 5.585551 seconds.
  path: Assets/Models/Popcorn2.fbx
  artifactKey: Guid(3c3597548995df54c8054bc041d27025) Importer(815301076,1909f56bfc062723c751e8b465ee728b)
Start importing Assets/Models/Popcorn2.fbx using Guid(3c3597548995df54c8054bc041d27025) Importer(815301076,1909f56bfc062723c751e8b465ee728b)  -> (artifact id: '58b68ae1a4574a72551283685dd7438d') in 0.088375 seconds
  Import took 0.093517 seconds .

========================================================================
Received Import Request.
  Time since last request: 13.966722 seconds.
  path: Assets/Models/Popcorn2.fbx
  artifactKey: Guid(3c3597548995df54c8054bc041d27025) Importer(815301076,1909f56bfc062723c751e8b465ee728b)
Start importing Assets/Models/Popcorn2.fbx using Guid(3c3597548995df54c8054bc041d27025) Importer(815301076,1909f56bfc062723c751e8b465ee728b)  -> (artifact id: '2b829275ec90e111d4854a8f448f3883') in 0.076836 seconds
  Import took 0.085686 seconds .

========================================================================
Received Import Request.
  Time since last request: 38.159622 seconds.
  path: Assets/Models/Textures/Mat.1.mat
  artifactKey: Guid(05727af455674dd419143a6fda7b2909) Importer(815301076,1909f56bfc062723c751e8b465ee728b)
Start importing Assets/Models/Textures/Mat.1.mat using Guid(05727af455674dd419143a6fda7b2909) Importer(815301076,1909f56bfc062723c751e8b465ee728b)  -> (artifact id: 'beef1d5ff8236590727cb31f3a50bb4f') in 0.026675 seconds
  Import took 0.032276 seconds .

========================================================================
Received Import Request.
  Time since last request: 0.000373 seconds.
  path: Assets/Models/Textures/Material #42.mat
  artifactKey: Guid(18aa64bf8d623d446afd9381bf266a1b) Importer(815301076,1909f56bfc062723c751e8b465ee728b)
Start importing Assets/Models/Textures/Material #42.mat using Guid(18aa64bf8d623d446afd9381bf266a1b) Importer(815301076,1909f56bfc062723c751e8b465ee728b)  -> (artifact id: 'da12091ce54cc0c69b1d08f914c9a46c') in 0.039413 seconds
  Import took 0.046668 seconds .

========================================================================
Received Import Request.
  Time since last request: 0.000360 seconds.
  path: Assets/Models/Textures/Mat.2.mat
  artifactKey: Guid(d62ff55cd1363b945ac8b16665dd9a3a) Importer(815301076,1909f56bfc062723c751e8b465ee728b)
Start importing Assets/Models/Textures/Mat.2.mat using Guid(d62ff55cd1363b945ac8b16665dd9a3a) Importer(815301076,1909f56bfc062723c751e8b465ee728b)  -> (artifact id: 'd1a845deff08475469b98e7aa56cbd21') in 0.040265 seconds
  Import took 0.045890 seconds .

========================================================================
Received Prepare
Registering precompiled user dll's ...
Registered in 0.009303 seconds.
Begin MonoManager ReloadAssembly
Native extension for WindowsStandalone target not found
Native extension for WebGL target not found
Refreshing native plugins compatible for Editor in 0.44 ms, found 2 plugins.
Preloading 0 native plugins for Editor in 0.00 ms.
Mono: successfully reloaded assembly
- Completed reload, in  1.835 seconds
Platform modules already initialized, skipping
Switching build target platform(19) subTarget(0) extendedPlatform(0) -> platform(13) subTarget(537395200) extendedPlatform(0)
Refreshing native plugins compatible for Editor in 0.41 ms, found 2 plugins.
Preloading 0 native plugins for Editor in 0.00 ms.
Unloading 1390 Unused Serialized files (Serialized files now loaded: 0)
System memory in use before: 83.3 MB.
System memory in use after: 83.4 MB.

Unloading 13 unused Assets to reduce memory usage. Loaded Objects now: 1981.
Total: 2.719700 ms (FindLiveObjects: 0.223500 ms CreateObjectMapping: 0.071300 ms MarkObjects: 2.398700 ms  DeleteObjects: 0.024700 ms)

AssetImportParameters requested are different than current active one (requested -> active):
  custom:graphics/normal-map-encoding: 01000000000000000000000000000000 -> 02000000000000000000000000000000
========================================================================
Received Import Request.
  Time since last request: 420.952165 seconds.
  path: Assets/Prefabs/Popcorn2.prefab
  artifactKey: Guid(41442065fac108e4dbe7080b4b1774ec) Importer(815301076,1909f56bfc062723c751e8b465ee728b)
Start importing Assets/Prefabs/Popcorn2.prefab using Guid(41442065fac108e4dbe7080b4b1774ec) Importer(815301076,1909f56bfc062723c751e8b465ee728b)  -> (artifact id: 'bbb0d99b07094e0915fc7315ee36d246') in 0.121101 seconds
  Import took 0.126515 seconds .

========================================================================
Received Prepare
Registering precompiled user dll's ...
Registered in 0.006301 seconds.
Begin MonoManager ReloadAssembly
Native extension for WindowsStandalone target not found
Native extension for WebGL target not found
Refreshing native plugins compatible for Editor in 0.97 ms, found 2 plugins.
Preloading 0 native plugins for Editor in 0.00 ms.
Mono: successfully reloaded assembly
- Completed reload, in  2.879 seconds
Platform modules already initialized, skipping
Switching build target platform(19) subTarget(0) extendedPlatform(0) -> platform(13) subTarget(537395200) extendedPlatform(0)
Refreshing native plugins compatible for Editor in 0.44 ms, found 2 plugins.
Preloading 0 native plugins for Editor in 0.00 ms.
Unloading 1391 Unused Serialized files (Serialized files now loaded: 0)
System memory in use before: 83.3 MB.
System memory in use after: 83.4 MB.

Unloading 13 unused Assets to reduce memory usage. Loaded Objects now: 1986.
Total: 2.549800 ms (FindLiveObjects: 0.225800 ms CreateObjectMapping: 0.070300 ms MarkObjects: 2.225100 ms  DeleteObjects: 0.026500 ms)

AssetImportParameters requested are different than current active one (requested -> active):
  custom:graphics/normal-map-encoding: 01000000000000000000000000000000 -> 02000000000000000000000000000000
========================================================================
Received Prepare
Registering precompiled user dll's ...
Registered in 0.008289 seconds.
Begin MonoManager ReloadAssembly
Native extension for WindowsStandalone target not found
Native extension for WebGL target not found
Refreshing native plugins compatible for Editor in 0.44 ms, found 2 plugins.
Preloading 0 native plugins for Editor in 0.00 ms.
Mono: successfully reloaded assembly
- Completed reload, in  2.187 seconds
Platform modules already initialized, skipping
Switching build target platform(19) subTarget(0) extendedPlatform(0) -> platform(13) subTarget(537395200) extendedPlatform(0)
Refreshing native plugins compatible for Editor in 0.42 ms, found 2 plugins.
Preloading 0 native plugins for Editor in 0.00 ms.
Unloading 1391 Unused Serialized files (Serialized files now loaded: 0)
System memory in use before: 83.3 MB.
System memory in use after: 83.4 MB.

Unloading 13 unused Assets to reduce memory usage. Loaded Objects now: 1989.
Total: 3.037200 ms (FindLiveObjects: 0.241700 ms CreateObjectMapping: 0.073200 ms MarkObjects: 2.690100 ms  DeleteObjects: 0.028000 ms)

AssetImportParameters requested are different than current active one (requested -> active):
  custom:graphics/normal-map-encoding: 01000000000000000000000000000000 -> 02000000000000000000000000000000
========================================================================
Received Import Request.
  Time since last request: 552.276494 seconds.
  path: Assets/collision.cs
  artifactKey: Guid(28e564260ac24564e9b294c962b46b08) Importer(815301076,1909f56bfc062723c751e8b465ee728b)
Start importing Assets/collision.cs using Guid(28e564260ac24564e9b294c962b46b08) Importer(815301076,1909f56bfc062723c751e8b465ee728b)  -> (artifact id: '7c9ec9f72ecc6a4e44e041f18b3626e9') in 0.021018 seconds
  Import took 0.029552 seconds .

========================================================================
Received Import Request.
  Time since last request: 12.753437 seconds.
  path: Assets/collision.cs
  artifactKey: Guid(28e564260ac24564e9b294c962b46b08) Importer(815301076,1909f56bfc062723c751e8b465ee728b)
Start importing Assets/collision.cs using Guid(28e564260ac24564e9b294c962b46b08) Importer(815301076,1909f56bfc062723c751e8b465ee728b)  -> (artifact id: 'b9452844ade98305bbf10ab7315e413d') in 0.031659 seconds
  Import took 0.041925 seconds .

========================================================================
Received Import Request.
  Time since last request: 0.003123 seconds.
  path: Assets/collision.cs
  artifactKey: Guid(28e564260ac24564e9b294c962b46b08) Importer(815301076,1909f56bfc062723c751e8b465ee728b)
Start importing Assets/collision.cs using Guid(28e564260ac24564e9b294c962b46b08) Importer(815301076,1909f56bfc062723c751e8b465ee728b)  -> (artifact id: 'b9452844ade98305bbf10ab7315e413d') in 0.006030 seconds
  Import took 0.013625 seconds .

========================================================================
Received Import Request.
  Time since last request: 95.059246 seconds.
  path: Assets/collision.cs
  artifactKey: Guid(28e564260ac24564e9b294c962b46b08) Importer(815301076,1909f56bfc062723c751e8b465ee728b)
Start importing Assets/collision.cs using Guid(28e564260ac24564e9b294c962b46b08) Importer(815301076,1909f56bfc062723c751e8b465ee728b)  -> (artifact id: '4e8273d489efeb0c583eafa510c84b89') in 0.024737 seconds
  Import took 0.034340 seconds .

========================================================================
Received Import Request.
  Time since last request: 0.006952 seconds.
  path: Assets/collision.cs
  artifactKey: Guid(28e564260ac24564e9b294c962b46b08) Importer(815301076,1909f56bfc062723c751e8b465ee728b)
Start importing Assets/collision.cs using Guid(28e564260ac24564e9b294c962b46b08) Importer(815301076,1909f56bfc062723c751e8b465ee728b)  -> (artifact id: '4e8273d489efeb0c583eafa510c84b89') in 0.026262 seconds
  Import took 0.034142 seconds .

========================================================================
Received Prepare
Registering precompiled user dll's ...
Registered in 0.008445 seconds.
Begin MonoManager ReloadAssembly
Native extension for WindowsStandalone target not found
Native extension for WebGL target not found
Refreshing native plugins compatible for Editor in 0.42 ms, found 2 plugins.
Preloading 0 native plugins for Editor in 0.00 ms.
Mono: successfully reloaded assembly
- Completed reload, in  1.962 seconds
Platform modules already initialized, skipping
Switching build target platform(19) subTarget(0) extendedPlatform(0) -> platform(13) subTarget(537395200) extendedPlatform(0)
Refreshing native plugins compatible for Editor in 0.51 ms, found 2 plugins.
Preloading 0 native plugins for Editor in 0.00 ms.
Unloading 1391 Unused Serialized files (Serialized files now loaded: 0)
System memory in use before: 83.3 MB.
System memory in use after: 83.4 MB.

Unloading 13 unused Assets to reduce memory usage. Loaded Objects now: 1992.
Total: 2.534500 ms (FindLiveObjects: 0.222900 ms CreateObjectMapping: 0.067700 ms MarkObjects: 2.215300 ms  DeleteObjects: 0.026500 ms)

AssetImportParameters requested are different than current active one (requested -> active):
  custom:graphics/normal-map-encoding: 01000000000000000000000000000000 -> 02000000000000000000000000000000
========================================================================
Received Import Request.
  Time since last request: 19.252704 seconds.
  path: Assets/collision.cs
  artifactKey: Guid(28e564260ac24564e9b294c962b46b08) Importer(815301076,1909f56bfc062723c751e8b465ee728b)
Start importing Assets/collision.cs using Guid(28e564260ac24564e9b294c962b46b08) Importer(815301076,1909f56bfc062723c751e8b465ee728b)  -> (artifact id: '093b776c21e0e6b1c27bb35d78cd9310') in 0.011339 seconds
  Import took 0.015941 seconds .

========================================================================
Received Prepare
Registering precompiled user dll's ...
Registered in 0.008051 seconds.
Begin MonoManager ReloadAssembly
Native extension for WindowsStandalone target not found
Native extension for WebGL target not found
Refreshing native plugins compatible for Editor in 0.44 ms, found 2 plugins.
Preloading 0 native plugins for Editor in 0.00 ms.
Mono: successfully reloaded assembly
- Completed reload, in  2.256 seconds
Platform modules already initialized, skipping
Switching build target platform(19) subTarget(0) extendedPlatform(0) -> platform(13) subTarget(537395200) extendedPlatform(0)
Refreshing native plugins compatible for Editor in 0.52 ms, found 2 plugins.
Preloading 0 native plugins for Editor in 0.00 ms.
Unloading 1391 Unused Serialized files (Serialized files now loaded: 0)
System memory in use before: 83.3 MB.
System memory in use after: 83.4 MB.

Unloading 13 unused Assets to reduce memory usage. Loaded Objects now: 1995.
Total: 4.656400 ms (FindLiveObjects: 0.343800 ms CreateObjectMapping: 0.117300 ms MarkObjects: 4.154600 ms  DeleteObjects: 0.037900 ms)

AssetImportParameters requested are different than current active one (requested -> active):
  custom:graphics/normal-map-encoding: 01000000000000000000000000000000 -> 02000000000000000000000000000000
========================================================================
Received Prepare
Registering precompiled user dll's ...
Registered in 0.005702 seconds.
Begin MonoManager ReloadAssembly
Native extension for WindowsStandalone target not found
Native extension for WebGL target not found
Refreshing native plugins compatible for Editor in 0.45 ms, found 2 plugins.
Preloading 0 native plugins for Editor in 0.00 ms.
Mono: successfully reloaded assembly
- Completed reload, in  1.884 seconds
Platform modules already initialized, skipping
Switching build target platform(19) subTarget(0) extendedPlatform(0) -> platform(13) subTarget(537395200) extendedPlatform(0)
Refreshing native plugins compatible for Editor in 0.52 ms, found 2 plugins.
Preloading 0 native plugins for Editor in 0.00 ms.
Unloading 1391 Unused Serialized files (Serialized files now loaded: 0)
System memory in use before: 83.3 MB.
System memory in use after: 83.5 MB.

Unloading 13 unused Assets to reduce memory usage. Loaded Objects now: 1998.
Total: 2.696000 ms (FindLiveObjects: 0.229400 ms CreateObjectMapping: 0.069300 ms MarkObjects: 2.372000 ms  DeleteObjects: 0.023700 ms)

AssetImportParameters requested are different than current active one (requested -> active):
  custom:graphics/normal-map-encoding: 01000000000000000000000000000000 -> 02000000000000000000000000000000
AssetImportWorkerClient::OnTransportError - code=2 error=End of file
