Using pre-set license
Built from '2020.3/staging' branch; Version is '2020.3.11f1 (99c7afb366b3) revision 10078127'; Using compiler version '192528614'; Build Type 'Release'
OS: 'Windows 10 Pro; OS build 19041.508; Version 2004; 64bit' Language: 'en' Physical Memory: 16335 MB
BatchMode: 1, IsHumanControllingUs: 0, StartBugReporterOnCrash: 0, Is64bit: 1, IsPro: 0

 COMMAND LINE ARGUMENTS:
C:\Program Files\Unity\Hub\Editor\2020.3.11f1\Editor\Unity.exe
-adb2
-batchMode
-noUpm
-name
AssetImportWorker0
-projectPath
D:/Git/PopcornRush/PopcornRush
-logFile
Logs/AssetImportWorker0.log
-srvPort
56117
Successfully changed project path to: D:/Git/PopcornRush/PopcornRush
D:/Git/PopcornRush/PopcornRush
Using Asset Import Pipeline V2.
Refreshing native plugins compatible for Editor in 29.44 ms, found 2 plugins.
Preloading 0 native plugins for Editor in 0.00 ms.
Initialize engine version: 2020.3.11f1 (99c7afb366b3)
[Subsystems] Discovering subsystems at path C:/Program Files/Unity/Hub/Editor/2020.3.11f1/Editor/Data/Resources/UnitySubsystems
[Subsystems] Discovering subsystems at path D:/Git/PopcornRush/PopcornRush/Assets
GfxDevice: creating device client; threaded=0
Direct3D:
    Version:  Direct3D 11.0 [level 11.1]
    Renderer: Radeon RX 580 Series (ID=0x67df)
    Vendor:   
    VRAM:     8171 MB
    Driver:   27.20.21003.8013
Initialize mono
Mono path[0] = 'C:/Program Files/Unity/Hub/Editor/2020.3.11f1/Editor/Data/Managed'
Mono path[1] = 'C:/Program Files/Unity/Hub/Editor/2020.3.11f1/Editor/Data/MonoBleedingEdge/lib/mono/unityjit'
Mono config path = 'C:/Program Files/Unity/Hub/Editor/2020.3.11f1/Editor/Data/MonoBleedingEdge/etc'
Using monoOptions --debugger-agent=transport=dt_socket,embedding=1,server=y,suspend=n,address=127.0.0.1:56304
Begin MonoManager ReloadAssembly
Registering precompiled unity dll's ...
Register platform support module: C:/Program Files/Unity/Hub/Editor/2020.3.11f1/Editor/Data/PlaybackEngines/WebGLSupport/UnityEditor.WebGL.Extensions.dll
Register platform support module: C:/Program Files/Unity/Hub/Editor/2020.3.11f1/Editor/Data/PlaybackEngines/WindowsStandaloneSupport/UnityEditor.WindowsStandalone.Extensions.dll
Registered in 0.001799 seconds.
Native extension for WindowsStandalone target not found
Native extension for WebGL target not found
Refreshing native plugins compatible for Editor in 28.59 ms, found 2 plugins.
Preloading 0 native plugins for Editor in 0.00 ms.
Mono: successfully reloaded assembly
- Completed reload, in  0.738 seconds
Platform modules already initialized, skipping
Registering precompiled user dll's ...
Registered in 0.002666 seconds.
Begin MonoManager ReloadAssembly
Native extension for WindowsStandalone target not found
Native extension for WebGL target not found
Refreshing native plugins compatible for Editor in 0.36 ms, found 2 plugins.
Preloading 0 native plugins for Editor in 0.00 ms.
Mono: successfully reloaded assembly
- Completed reload, in  0.840 seconds
Platform modules already initialized, skipping
========================================================================
Worker process is ready to serve import requests
Launched and connected shader compiler UnityShaderCompiler.exe after 0.04 seconds
Refreshing native plugins compatible for Editor in 0.37 ms, found 2 plugins.
Preloading 0 native plugins for Editor in 0.00 ms.
Unloading 1902 Unused Serialized files (Serialized files now loaded: 0)
System memory in use before: 92.3 MB.
System memory in use after: 92.3 MB.

Unloading 110 unused Assets to reduce memory usage. Loaded Objects now: 2342.
Total: 2.235400 ms (FindLiveObjects: 0.185900 ms CreateObjectMapping: 0.043800 ms MarkObjects: 1.854100 ms  DeleteObjects: 0.150500 ms)

========================================================================
Received Import Request.
  path: Assets/Skybox.mat
  artifactKey: Guid(2cdcb11b2b332004891850a448a1a3c0) Importer(815301076,1909f56bfc062723c751e8b465ee728b)
Start importing Assets/Skybox.mat using Guid(2cdcb11b2b332004891850a448a1a3c0) Importer(815301076,1909f56bfc062723c751e8b465ee728b)  -> (artifact id: '7f97a5290d689b55125a07fa9ac4bed7') in 0.077083 seconds
  Import took 0.079626 seconds .

========================================================================
Received Prepare
Registering precompiled user dll's ...
Registered in 0.002675 seconds.
Begin MonoManager ReloadAssembly
Native extension for WindowsStandalone target not found
Native extension for WebGL target not found
Refreshing native plugins compatible for Editor in 0.39 ms, found 2 plugins.
Preloading 0 native plugins for Editor in 0.00 ms.
Mono: successfully reloaded assembly
- Completed reload, in  0.784 seconds
Platform modules already initialized, skipping
Refreshing native plugins compatible for Editor in 0.36 ms, found 2 plugins.
Preloading 0 native plugins for Editor in 0.00 ms.
Unloading 1872 Unused Serialized files (Serialized files now loaded: 0)
System memory in use before: 93.0 MB.
System memory in use after: 93.1 MB.

Unloading 104 unused Assets to reduce memory usage. Loaded Objects now: 2386.
Total: 1.940700 ms (FindLiveObjects: 0.153800 ms CreateObjectMapping: 0.041600 ms MarkObjects: 1.666100 ms  DeleteObjects: 0.078500 ms)

========================================================================
Received Import Request.
  Time since last request: 119.450855 seconds.
  path: Assets/Textures/97740932-red-carpet-texture-background-abstract.jpg
  artifactKey: Guid(666f2499564283e42b546994a7fe1a20) Importer(815301076,1909f56bfc062723c751e8b465ee728b)
Start importing Assets/Textures/97740932-red-carpet-texture-background-abstract.jpg using Guid(666f2499564283e42b546994a7fe1a20) Importer(815301076,1909f56bfc062723c751e8b465ee728b)  -> (artifact id: '2d3cd79e6d82ef11e7e7b2a1bd798b2a') in 0.025496 seconds
  Import took 0.028323 seconds .

========================================================================
Received Import Request.
  Time since last request: 0.007550 seconds.
  path: Assets/Textures/97740932-red-carpet-texture-background-abstract.jpg
  artifactKey: Guid(666f2499564283e42b546994a7fe1a20) Importer(815301076,1909f56bfc062723c751e8b465ee728b)
Start importing Assets/Textures/97740932-red-carpet-texture-background-abstract.jpg using Guid(666f2499564283e42b546994a7fe1a20) Importer(815301076,1909f56bfc062723c751e8b465ee728b)  -> (artifact id: '2d3cd79e6d82ef11e7e7b2a1bd798b2a') in 0.004650 seconds
  Import took 0.007641 seconds .

========================================================================
Received Import Request.
  Time since last request: 11.085407 seconds.
  path: Assets/ProBuilder Data
  artifactKey: Guid(3888a8c8f08e4cc4eb8b3d648d4002b4) Importer(815301076,1909f56bfc062723c751e8b465ee728b)
Start importing Assets/ProBuilder Data using Guid(3888a8c8f08e4cc4eb8b3d648d4002b4) Importer(815301076,1909f56bfc062723c751e8b465ee728b)  -> (artifact id: '7c1f49f426b5b8750c600d4109b505d7') in 0.001622 seconds
  Import took 0.004122 seconds .

========================================================================
Received Import Request.
  Time since last request: 0.956684 seconds.
  path: Assets/Materials
  artifactKey: Guid(1b617cd70fc92954196d5ee7da2f290d) Importer(815301076,1909f56bfc062723c751e8b465ee728b)
Start importing Assets/Materials using Guid(1b617cd70fc92954196d5ee7da2f290d) Importer(815301076,1909f56bfc062723c751e8b465ee728b)  -> (artifact id: '5915a8f482abd4224b44c99505ffd9e8') in 0.001632 seconds
  Import took 0.004344 seconds .

========================================================================
Received Import Request.
  Time since last request: 0.098314 seconds.
  path: Assets/Materials/Mat.1.mat
  artifactKey: Guid(caa0da4b3abec1746bba66a3c8989f31) Importer(815301076,1909f56bfc062723c751e8b465ee728b)
Start importing Assets/Materials/Mat.1.mat using Guid(caa0da4b3abec1746bba66a3c8989f31) Importer(815301076,1909f56bfc062723c751e8b465ee728b)  -> (artifact id: 'd8847d99a8f7163b67bb9eccf06b4086') in 0.023690 seconds
  Import took 0.026257 seconds .

========================================================================
Received Import Request.
  Time since last request: 0.000193 seconds.
  path: Assets/Materials/Mat.2.mat
  artifactKey: Guid(d9acb720377720b459a9a553cc49433a) Importer(815301076,1909f56bfc062723c751e8b465ee728b)
Start importing Assets/Materials/Mat.2.mat using Guid(d9acb720377720b459a9a553cc49433a) Importer(815301076,1909f56bfc062723c751e8b465ee728b)  -> (artifact id: 'f22bbea690486cc892ebff3ff0dac5d7') in 0.006724 seconds
  Import took 0.008918 seconds .

========================================================================
Received Import Request.
  Time since last request: 0.000169 seconds.
  path: Assets/Materials/Material #42 1.mat
  artifactKey: Guid(c5eb96ab00191f042a3eeae45c820743) Importer(815301076,1909f56bfc062723c751e8b465ee728b)
Start importing Assets/Materials/Material #42 1.mat using Guid(c5eb96ab00191f042a3eeae45c820743) Importer(815301076,1909f56bfc062723c751e8b465ee728b)  -> (artifact id: 'e742bdcef7c8eef299b9dc841ab3bc99') in 0.007546 seconds
  Import took 0.010139 seconds .

========================================================================
Received Import Request.
  Time since last request: 0.000181 seconds.
  path: Assets/Materials/Material #42.mat
  artifactKey: Guid(5b4a506c04658a0459ceb7e7397a2641) Importer(815301076,1909f56bfc062723c751e8b465ee728b)
Start importing Assets/Materials/Material #42.mat using Guid(5b4a506c04658a0459ceb7e7397a2641) Importer(815301076,1909f56bfc062723c751e8b465ee728b)  -> (artifact id: 'cddda9bab4cd67434a2b0f223e55a67a') in 0.008132 seconds
  Import took 0.010550 seconds .

========================================================================
Received Import Request.
  Time since last request: 0.000167 seconds.
  path: Assets/Materials/Material #26.mat
  artifactKey: Guid(d7ddbbc69e485a84ba05675c5d696f4e) Importer(815301076,1909f56bfc062723c751e8b465ee728b)
Start importing Assets/Materials/Material #26.mat using Guid(d7ddbbc69e485a84ba05675c5d696f4e) Importer(815301076,1909f56bfc062723c751e8b465ee728b)  -> (artifact id: 'f735905feaa9e59378d675dac31f0e5d') in 0.007398 seconds
  Import took 0.009776 seconds .

========================================================================
Received Import Request.
  Time since last request: 5.100264 seconds.
  path: Assets/Textures
  artifactKey: Guid(8e08d8f59de2834419c63c0bcd3ebf48) Importer(815301076,1909f56bfc062723c751e8b465ee728b)
Start importing Assets/Textures using Guid(8e08d8f59de2834419c63c0bcd3ebf48) Importer(815301076,1909f56bfc062723c751e8b465ee728b)  -> (artifact id: '8a2d9024f69a3191f44e8bcc6802cdd4') in 0.001767 seconds
  Import took 0.004287 seconds .

========================================================================
Received Import Request.
  Time since last request: 0.107651 seconds.
  path: Assets/Textures/kernelUVWTexture2 1.jpg
  artifactKey: Guid(f20ef3eb4766e5c408aacc6aaeb50aee) Importer(815301076,1909f56bfc062723c751e8b465ee728b)
Start importing Assets/Textures/kernelUVWTexture2 1.jpg using Guid(f20ef3eb4766e5c408aacc6aaeb50aee) Importer(815301076,1909f56bfc062723c751e8b465ee728b)  -> (artifact id: '1505f0e5893384e3305f795cf523414a') in 0.004659 seconds
  Import took 0.007246 seconds .

========================================================================
Received Import Request.
  Time since last request: 0.000157 seconds.
  path: Assets/Textures/kernelUVWTexture2.jpg
  artifactKey: Guid(f5cadd10890d35344be9d60af28b654d) Importer(815301076,1909f56bfc062723c751e8b465ee728b)
Start importing Assets/Textures/kernelUVWTexture2.jpg using Guid(f5cadd10890d35344be9d60af28b654d) Importer(815301076,1909f56bfc062723c751e8b465ee728b)  -> (artifact id: '527b3996c6e707face26e361d8834c78') in 0.004562 seconds
  Import took 0.006814 seconds .

========================================================================
Received Import Request.
  Time since last request: 15.727006 seconds.
  path: Assets/Textures/New Material.mat
  artifactKey: Guid(fedc5c1e02897ac46bb34b1fca896704) Importer(815301076,1909f56bfc062723c751e8b465ee728b)
Start importing Assets/Textures/New Material.mat using Guid(fedc5c1e02897ac46bb34b1fca896704) Importer(815301076,1909f56bfc062723c751e8b465ee728b)  -> (artifact id: '214205ab46d2e4668a235cb1f1974fe5') in 0.008462 seconds
  Import took 0.011152 seconds .

========================================================================
Received Import Request.
  Time since last request: 26.731259 seconds.
  path: Assets/Textures/New Material.mat
  artifactKey: Guid(fedc5c1e02897ac46bb34b1fca896704) Importer(815301076,1909f56bfc062723c751e8b465ee728b)
Start importing Assets/Textures/New Material.mat using Guid(fedc5c1e02897ac46bb34b1fca896704) Importer(815301076,1909f56bfc062723c751e8b465ee728b)  -> (artifact id: '2adb7aa201385499b356295e8aef0fb0') in 0.008421 seconds
  Import took 0.011138 seconds .

========================================================================
Received Import Request.
  Time since last request: 64.563988 seconds.
  path: Assets/Shaders/Skybox Gradient.shader
  artifactKey: Guid(ab2bd6265f13fb242ad874851a028416) Importer(815301076,1909f56bfc062723c751e8b465ee728b)
Start importing Assets/Shaders/Skybox Gradient.shader using Guid(ab2bd6265f13fb242ad874851a028416) Importer(815301076,1909f56bfc062723c751e8b465ee728b)  -> (artifact id: '1f80814027c3bd61ef43dea1154412c1') in 0.003174 seconds
  Import took 0.005736 seconds .

========================================================================
Received Import Request.
  Time since last request: 0.000553 seconds.
  path: Assets/Shaders/Skybox Gradient.shader
  artifactKey: Guid(ab2bd6265f13fb242ad874851a028416) Importer(815301076,1909f56bfc062723c751e8b465ee728b)
Start importing Assets/Shaders/Skybox Gradient.shader using Guid(ab2bd6265f13fb242ad874851a028416) Importer(815301076,1909f56bfc062723c751e8b465ee728b)  -> (artifact id: '1f80814027c3bd61ef43dea1154412c1') in 0.001542 seconds
  Import took 0.003857 seconds .

========================================================================
Received Prepare
Registering precompiled user dll's ...
Registered in 0.002634 seconds.
Begin MonoManager ReloadAssembly
Native extension for WindowsStandalone target not found
Native extension for WebGL target not found
Refreshing native plugins compatible for Editor in 0.38 ms, found 2 plugins.
Preloading 0 native plugins for Editor in 0.00 ms.
Mono: successfully reloaded assembly
- Completed reload, in  0.782 seconds
Platform modules already initialized, skipping
Refreshing native plugins compatible for Editor in 0.36 ms, found 2 plugins.
Preloading 0 native plugins for Editor in 0.00 ms.
Unloading 1871 Unused Serialized files (Serialized files now loaded: 0)
System memory in use before: 93.3 MB.
System memory in use after: 93.4 MB.

Unloading 104 unused Assets to reduce memory usage. Loaded Objects now: 2392.
Total: 1.921100 ms (FindLiveObjects: 0.154700 ms CreateObjectMapping: 0.042500 ms MarkObjects: 1.648400 ms  DeleteObjects: 0.074900 ms)

========================================================================
Received Prepare
Registering precompiled user dll's ...
Registered in 0.002689 seconds.
Begin MonoManager ReloadAssembly
Native extension for WindowsStandalone target not found
Native extension for WebGL target not found
Refreshing native plugins compatible for Editor in 0.35 ms, found 2 plugins.
Preloading 0 native plugins for Editor in 0.00 ms.
Mono: successfully reloaded assembly
- Completed reload, in  0.849 seconds
Platform modules already initialized, skipping
Switching build target platform(19) subTarget(0) extendedPlatform(0) -> platform(13) subTarget(537395200) extendedPlatform(0)
Refreshing native plugins compatible for Editor in 0.37 ms, found 2 plugins.
Preloading 0 native plugins for Editor in 0.00 ms.
Unloading 1875 Unused Serialized files (Serialized files now loaded: 0)
System memory in use before: 92.7 MB.
System memory in use after: 92.8 MB.

Unloading 104 unused Assets to reduce memory usage. Loaded Objects now: 2395.
Total: 2.002000 ms (FindLiveObjects: 0.172400 ms CreateObjectMapping: 0.043300 ms MarkObjects: 1.703200 ms  DeleteObjects: 0.082100 ms)

AssetImportParameters requested are different than current active one (requested -> active):
  custom:graphics/normal-map-encoding: 01000000000000000000000000000000 -> 02000000000000000000000000000000
========================================================================
Received Prepare
Refreshing native plugins compatible for Editor in 2.43 ms, found 2 plugins.
Preloading 0 native plugins for Editor in 0.00 ms.
Unloading 12 Unused Serialized files (Serialized files now loaded: 0)
System memory in use before: 55.6 MB.
System memory in use after: 55.8 MB.

Unloading 11 unused Assets to reduce memory usage. Loaded Objects now: 2395.
Total: 2.002500 ms (FindLiveObjects: 0.192800 ms CreateObjectMapping: 0.047600 ms MarkObjects: 1.751200 ms  DeleteObjects: 0.010300 ms)

========================================================================
Received Prepare
Registering precompiled user dll's ...
Registered in 0.002682 seconds.
Begin MonoManager ReloadAssembly
Native extension for WindowsStandalone target not found
Native extension for WebGL target not found
Refreshing native plugins compatible for Editor in 0.37 ms, found 2 plugins.
Preloading 0 native plugins for Editor in 0.00 ms.
Mono: successfully reloaded assembly
- Completed reload, in  0.818 seconds
Platform modules already initialized, skipping
Switching build target platform(19) subTarget(0) extendedPlatform(0) -> platform(13) subTarget(537395200) extendedPlatform(0)
Refreshing native plugins compatible for Editor in 0.42 ms, found 2 plugins.
Preloading 0 native plugins for Editor in 0.00 ms.
Unloading 1875 Unused Serialized files (Serialized files now loaded: 0)
System memory in use before: 92.7 MB.
System memory in use after: 92.8 MB.

Unloading 104 unused Assets to reduce memory usage. Loaded Objects now: 2398.
Total: 2.540700 ms (FindLiveObjects: 0.201200 ms CreateObjectMapping: 0.044400 ms MarkObjects: 2.157200 ms  DeleteObjects: 0.136500 ms)

AssetImportParameters requested are different than current active one (requested -> active):
  custom:graphics/normal-map-encoding: 01000000000000000000000000000000 -> 02000000000000000000000000000000
========================================================================
Received Import Request.
  Time since last request: 200.704019 seconds.
  path: Assets/Skybox.mat
  artifactKey: Guid(2cdcb11b2b332004891850a448a1a3c0) Importer(815301076,1909f56bfc062723c751e8b465ee728b)
Start importing Assets/Skybox.mat using Guid(2cdcb11b2b332004891850a448a1a3c0) Importer(815301076,1909f56bfc062723c751e8b465ee728b)  -> (artifact id: 'f5e41a8510fc4dae25e9aad85fc6b56d') in 0.059642 seconds
  Import took 0.062290 seconds .

AssetImportWorkerClient::OnTransportError - code=2 error=End of file
